c:\users\iulia13\documents\master\cursuri\an 1\sem 1\gmrv\tppgip\lab\exemple opengl\ex1\debug\vc140.pdb
c:\users\iulia13\documents\master\cursuri\an 1\sem 1\gmrv\tppgip\lab\exemple opengl\ex1\debug\vc140.idb
c:\users\iulia13\documents\master\cursuri\an 1\sem 1\gmrv\tppgip\lab\exemple opengl\ex1\debug\main.obj
c:\users\iulia13\documents\master\cursuri\an 1\sem 1\gmrv\tppgip\lab\exemple opengl\ex1\debug\shader.obj
c:\users\iulia13\documents\facultate - an 4\predat\sem 1\2017-2018\acg\labs\lab 4\ex1\debug\vc140.pdb
c:\users\iulia13\documents\facultate - an 4\predat\sem 1\2017-2018\acg\labs\lab 4\ex1\debug\vc140.idb
c:\users\iulia13\documents\facultate - an 4\predat\sem 1\2017-2018\acg\labs\lab 4\ex1\debug\main.obj
c:\users\iulia13\documents\facultate - an 4\predat\sem 1\2017-2018\acg\labs\lab 4\ex1\debug\shader.obj
c:\users\iulia13\documents\master\cursuri\an 1\sem 1\gmrv\tppgip\lab\exemple opengl\ex1\debug\acg_lab4.ilk
c:\users\iulia13\documents\master\cursuri\an 1\sem 1\gmrv\tppgip\lab\exemple opengl\ex1\debug\acg_lab4.exe
c:\users\iulia13\documents\master\cursuri\an 1\sem 1\gmrv\tppgip\lab\exemple opengl\ex1\debug\acg_lab4.pdb
c:\users\iulia13\documents\facultate - an 4\predat\sem 1\2017-2018\acg\labs\lab 4\ex1\debug\acg_lab4.ilk
c:\users\iulia13\documents\facultate - an 4\predat\sem 1\2017-2018\acg\labs\lab 4\ex1\debug\acg_lab4.exe
c:\users\iulia13\documents\facultate - an 4\predat\sem 1\2017-2018\acg\labs\lab 4\ex1\debug\acg_lab4.pdb
f:\teaching\sem1\acg\lab4\lab4\debug\main.obj
f:\teaching\sem1\acg\lab4\lab4\debug\shader.obj
f:\teaching\sem1\acg\lab4\lab4\debug\acg_lab3.ilk
f:\teaching\sem1\acg\lab4\lab4\debug\vc142.idb
f:\teaching\sem1\acg\lab4\lab4\debug\acg_lab3.pdb
f:\teaching\sem1\acg\lab4\lab4\debug\vc142.pdb
f:\teaching\sem1\acg\lab4\lab4\debug\acg_lab4.exe
f:\teaching\sem1\acg\lab4\lab4\debug\acg_lab4.tlog\cl.command.1.tlog
f:\teaching\sem1\acg\lab4\lab4\debug\acg_lab4.tlog\cl.read.1.tlog
f:\teaching\sem1\acg\lab4\lab4\debug\acg_lab4.tlog\cl.write.1.tlog
f:\teaching\sem1\acg\lab4\lab4\debug\acg_lab4.tlog\link.command.1.tlog
f:\teaching\sem1\acg\lab4\lab4\debug\acg_lab4.tlog\link.read.1.tlog
f:\teaching\sem1\acg\lab4\lab4\debug\acg_lab4.tlog\link.write.1.tlog
